 
#------------------------------------------------------------
#
#   ,o, ,o,       /                                 
#    `   `  e88~88e  d88~\   /~~~8e Y88b    e    / 
#   888 888 88   88 C888         88b Y88b  d8b  /   
#   888 888 "8b_d8"  Y88b   e88~-888  Y888/Y88b/  
#   888 888  /        888D C88   888   Y8/  Y8/     
#   88P 888 Cb      \_88P   "8b_-888    Y    Y    
# \_8"       Y8""8D                             
#
#------------------------------------------------------------
# JIGSAW: an unstructured mesh generation library.  
#------------------------------------------------------------
 
  JIGSAW VERSION 0.9.14

  Reading CFG. file...

  CFG. data summary...

  GEOM-FILE = tmp/geom.msh 
  MESH-FILE = out/mesh.msh 
  HFUN-FILE =  
  INIT-FILE = out/mesh-ITER.msh 
  TRIA-FILE =  
  BNDS-FILE =  

  GEOM-SEED = 8 
  GEOM-PHI1 = 6.00e+01 
  GEOM-PHI2 = 6.00e+01 
  GEOM-ETA1 = 4.50e+01 
  GEOM-ETA2 = 4.50e+01 
  GEOM-FEAT = FALSE 

  INIT-NEAR = 1.00e-08 

  HFUN-SCAL = RELATIVE 
  HFUN-HMAX = 2.00e-02 
  HFUN-HMIN = 0.00e+00 

  BNDS-KERN = BND-TRIA 
  MESH-KERN = DELFRONT 
  MESH-TOP1 = FALSE 
  MESH-TOP2 = FALSE 
  MESH-ITER = 0 
  MESH-DIMS = 3 
  MESH-SIZ1 = 1.33e+00 
  MESH-SIZ2 = 1.30e+00 
  MESH-SIZ3 = 1.29e+00 
  MESH-EPS1 = 3.33e-01 
  MESH-EPS2 = 3.33e-01 
  MESH-RAD2 = 1.05e+00 
  MESH-RAD3 = 2.05e+00 
  MESH-OFF2 = 9.00e-01 
  MESH-OFF3 = 1.10e+00 
  MESH-SNK2 = 2.00e-01 
  MESH-SNK3 = 3.33e-01 
  MESH-VOL3 = 0.00e+00 

  OPTM-KERN = ODT+DQDX 
  OPTM-ITER = 512 
  OPTM-QTOL = 1.00e-08 
  OPTM-QLIM = 9.38e-01 
  OPTM-ZIP_ = FALSE 
  OPTM-DIV_ = FALSE 
  OPTM-TRIA = TRUE 
  OPTM-DUAL = FALSE 

  Done. (3.57e-04sec)

#------------------------------------------------------------

  Reading GEOM file...

  Done. (7.00e-05sec)

#------------------------------------------------------------

  Forming GEOM data...

  GEOM data summary...

  ELLIPSOID-MESH

  |NDIMS.| = 3

  |1-RAD.| = 2.00e+00 
  |2-RAD.| = 1.50e+00 
  |3-RAD.| = 1.50e+00 

  |COORD.| = 0
  |EDGE-2| = 0

  |SEEDS.| = 0

  Done. (7.80e-05sec)

#------------------------------------------------------------

  Reading INIT file...

  Done. (1.20e-03sec)

#------------------------------------------------------------

  Forming INIT data...

  INIT data summary...

  EUCLIDEAN-MESH

  |NDIMS.| = 3

  |COORD.| = 162
  |EDGE-2| = 480
  |TRIA-3| = 320
  |QUAD-4| = 0
  |TRIA-4| = 0

  Done. (3.06e-04sec)

#------------------------------------------------------------

  Forming HFUN data...

  HFUN data summary...

  CONSTANT-VALUE

  .VAL(H). = 6.67e-02

  Done. (3.20e-05sec)

#------------------------------------------------------------

  Forming MESH data...

  Done. (2.90e-05sec)

#------------------------------------------------------------

  MESH optimisation...

#------------------------------------------------------------
#    |MOVE.|      |FLIP.|      |MERGE|      |SPLIT| 
#------------------------------------------------------------
        162            0            0            0
        162            0            0            0
        160            0            0            0
        150            0            0            0
        147            0            0            0
        135            0            0            0
        135            0            0            0
        132            0            0            0
        129            0            0            0
        107            0            0            0
         62            0            0            0
         17            0            0            0
          0            0            0            0

  Done. (3.78e-02sec)

#------------------------------------------------------------

  Writing MESH file...

  Done. (7.44e-04sec)

